<?xml version="1.0" encoding="utf-8"?><testsuites name="pytest tests"><testsuite name="pytest" errors="0" failures="0" skipped="0" tests="23" time="8.354" timestamp="2026-08-28T17:27:28.842666+00:00" hostname="agent-env-afdbd3a9-27f0-4542-8c56-a06f77b00eae"><testcase classname="tests.backend_test.TestAuth" name="test_health" time="0.309" /><testcase classname="tests.backend_test.TestAuth" name="test_login_bad_password" time="0.432" /><testcase classname="tests.backend_test.TestOracle" name="test_consult_and_persist" time="0.803" /><testcase classname="tests.backend_test.TestAuth" name="test_owner_email_reserved" time="0.050" /><testcase classname="tests.backend_test.TestAuth" name="test_register_new_customer" time="0.555" /><testcase classname="tests.backend_test.TestOracle" name="test_consult_empty_question" time="0.260" /><testcase classname="tests.backend_test.TestOracle" name="test_readings_isolated_per_user" time="0.398" /><testcase classname="tests.backend_test.TestAuth" name="test_register_password_too_short" time="0.091" /><testcase classname="tests.backend_test.TestAuth" name="test_me_requires_auth" time="0.057" /><testcase classname="tests.backend_test.TestOracle" name="test_speak_and_serve_mp3" time="3.586" /><testcase classname="tests.backend_test.TestOracle" name="test_tts_missing_key" time="0.254" /><testcase classname="tests.backend_test.TestAuth" name="test_me_customer" time="3.623" /><testcase classname="tests.backend_test.TestAuth" name="test_patch_me_language" time="0.114" /><testcase classname="tests.backend_test.TestAuth" name="test_forgot_password_generic" time="0.169" /><testcase classname="tests.backend_test.TestSettings" name="test_public_settings" time="0.100" /><testcase classname="tests.backend_test.TestOwnerConsole" name="test_customer_forbidden_overview" time="0.060" /><testcase classname="tests.backend_test.TestSettings" name="test_customer_cannot_put_settings" time="0.057" /><testcase classname="tests.backend_test.TestSettings" name="test_owner_updates_settings" time="0.280" /><testcase classname="tests.backend_test.TestSettings" name="test_owner_upload_rejects_bad_type" time="0.402" /><testcase classname="tests.backend_test.TestOwnerConsole" name="test_owner_overview_shape" time="0.354" /><testcase classname="tests.backend_test.TestOwnerConsole" name="test_activate_deactivate_and_reset_flow" time="2.063" /><testcase classname="tests.backend_test.TestSettings" name="test_customer_upload_forbidden" time="0.148" /><testcase classname="tests.backend_test.TestOwnerConsole" name="test_cannot_deactivate_owner" time="0.129" /></testsuite></testsuites>