<?xml version="1.0" encoding="utf-8"?><testsuites name="pytest tests"><testsuite name="pytest" errors="0" failures="0" skipped="0" tests="23" time="8.106" timestamp="2026-08-28T18:10:27.963486+00:00" hostname="agent-env-afdbd3a9-27f0-4542-8c56-a06f77b00eae"><testcase classname="tests.backend_test.TestAuth" name="test_health" time="0.453" /><testcase classname="tests.backend_test.TestAuth" name="test_login_bad_password" time="0.298" /><testcase classname="tests.backend_test.TestOracle" name="test_consult_and_persist" time="0.760" /><testcase classname="tests.backend_test.TestAuth" name="test_owner_email_reserved" time="0.072" /><testcase classname="tests.backend_test.TestOracle" name="test_consult_empty_question" time="0.116" /><testcase classname="tests.backend_test.TestAuth" name="test_register_new_customer" time="0.519" /><testcase classname="tests.backend_test.TestAuth" name="test_register_password_too_short" time="0.111" /><testcase classname="tests.backend_test.TestOracle" name="test_readings_isolated_per_user" time="0.614" /><testcase classname="tests.backend_test.TestAuth" name="test_me_requires_auth" time="0.070" /><testcase classname="tests.backend_test.TestOracle" name="test_speak_and_serve_mp3" time="3.091" /><testcase classname="tests.backend_test.TestAuth" name="test_me_customer" time="3.122" /><testcase classname="tests.backend_test.TestOracle" name="test_tts_missing_key" time="0.261" /><testcase classname="tests.backend_test.TestAuth" name="test_patch_me_language" time="0.140" /><testcase classname="tests.backend_test.TestAuth" name="test_forgot_password_generic" time="0.176" /><testcase classname="tests.backend_test.TestSettings" name="test_public_settings" time="0.108" /><testcase classname="tests.backend_test.TestSettings" name="test_customer_cannot_put_settings" time="0.069" /><testcase classname="tests.backend_test.TestOwnerConsole" name="test_customer_forbidden_overview" time="0.108" /><testcase classname="tests.backend_test.TestSettings" name="test_owner_updates_settings" time="0.109" /><testcase classname="tests.backend_test.TestSettings" name="test_owner_upload_rejects_bad_type" time="0.256" /><testcase classname="tests.backend_test.TestOwnerConsole" name="test_owner_overview_shape" time="0.379" /><testcase classname="tests.backend_test.TestSettings" name="test_customer_upload_forbidden" time="0.126" /><testcase classname="tests.backend_test.TestOwnerConsole" name="test_activate_deactivate_and_reset_flow" time="2.162" /><testcase classname="tests.backend_test.TestOwnerConsole" name="test_cannot_deactivate_owner" time="0.145" /></testsuite></testsuites>