<?xml version="1.0" encoding="utf-8"?><testsuites name="pytest tests"><testsuite name="pytest" errors="0" failures="1" skipped="0" tests="23" time="86.638" timestamp="2026-08-29T19:56:16.066326+00:00" hostname="agent-env-1d4d8ba2-3661-4161-a8e9-eb606bda2062"><testcase classname="tests.test_voice_oracle.TestRegression" name="test_root_online" time="0.347" /><testcase classname="tests.test_voice_oracle.TestVoiceCommands" name="test_rescue_command" time="0.840" /><testcase classname="tests.test_voice_oracle.TestRegression" name="test_login_owner" time="0.561" /><testcase classname="tests.test_voice_oracle.TestVoiceCommands" name="test_save_and_play_flow" time="8.197" /><testcase classname="tests.test_voice_oracle.TestRegression" name="test_login_customer" time="1.947" /><testcase classname="tests.test_voice_oracle.TestRegression" name="test_register_new_user" time="0.372" /><testcase classname="tests.test_voice_oracle.TestRegression" name="test_settings_public" time="0.070" /><testcase classname="tests.test_voice_oracle.TestRegression" name="test_owner_overview" time="0.074" /><testcase classname="tests.test_voice_oracle.TestVoiceConsultRouting" name="test_tarot_question_routes_tarot" time="8.079" /><testcase classname="tests.test_voice_oracle.TestVoiceCommands" name="test_save_without_reading_returns_graceful" time="0.378" /><testcase classname="tests.test_voice_oracle.TestVoiceCommands" name="test_source_command" time="2.369"><failure message="AssertionError: Expected refine:source, got system&#10;assert 'system' == 'refine:source'&#10;  &#10;  - refine:source&#10;  + system">tests/test_voice_oracle.py:329: in test_source_command
    assert d["mode"] == "refine:source", f"Expected refine:source, got {d['mode']}"
E   AssertionError: Expected refine:source, got system
E   assert 'system' == 'refine:source'
E     
E     - refine:source
E     + system</failure></testcase><testcase classname="tests.test_voice_oracle.TestVoiceConsultRouting" name="test_dream_question_routes_dream" time="7.557" /><testcase classname="tests.test_voice_oracle.TestVoiceCommands" name="test_challenge_command" time="14.679" /><testcase classname="tests.test_voice_oracle.TestVoiceConsultRouting" name="test_mindfulness_calm_routes_mindfulness" time="8.326" /><testcase classname="tests.test_voice_oracle.TestVoiceCommands" name="test_forget_command" time="2.684" /><testcase classname="tests.test_voice_oracle.TestOwnerVoiceLog" name="test_customer_forbidden" time="0.072" /><testcase classname="tests.test_voice_oracle.TestOwnerVoiceLog" name="test_unauth_forbidden" time="0.071" /><testcase classname="tests.test_voice_oracle.TestOwnerVoiceLog" name="test_owner_shape" time="0.089" /><testcase classname="tests.test_voice_oracle.TestContextMemory" name="test_followup_stays_in_context" time="20.341" /><testcase classname="tests.test_voice_oracle.TestVoiceCommands" name="test_delete_history_command_clears_bookmarks" time="6.832" /><testcase classname="tests.test_voice_oracle.TestVoiceRefine" name="test_refine_all_directions_after_reading" time="49.874" /><testcase classname="tests.test_voice_oracle.TestClarification" name="test_ambiguous_question_triggers_clarify" time="2.016" /><testcase classname="tests.test_voice_oracle.TestVoiceRefine" name="test_refine_without_reading_graceful" time="0.383" /></testsuite></testsuites>