<?xml version="1.0" encoding="utf-8"?><testsuites name="pytest tests"><testsuite name="pytest" errors="0" failures="0" skipped="0" tests="21" time="15.499" timestamp="2026-08-28T18:10:07.790576+00:00" hostname="agent-env-afdbd3a9-27f0-4542-8c56-a06f77b00eae"><testcase classname="tests.test_new_features.TestIllustrate" name="test_illustrate_requires_auth" time="0.388" /><testcase classname="tests.test_new_features.TestOwnerKnowledge" name="test_customer_forbidden_list" time="0.876" /><testcase classname="tests.test_new_features.TestIllustrate" name="test_illustrate_returns_png" time="12.977" /><testcase classname="tests.test_new_features.TestOwnerKnowledge" name="test_customer_forbidden_add" time="1.518" /><testcase classname="tests.test_new_features.TestOwnerKnowledge" name="test_owner_list_shape" time="0.372" /><testcase classname="tests.test_new_features.TestOwnerKnowledge" name="test_owner_add_and_soft_delete" time="0.377" /><testcase classname="tests.test_new_features.TestOwnerKnowledge" name="test_owner_add_unknown_topic" time="0.079" /><testcase classname="tests.test_new_features.TestOwnerKnowledge" name="test_owner_upload_txt_any_format" time="0.318" /><testcase classname="tests.test_new_features.TestOwnerKnowledge" name="test_owner_upload_json_ingests" time="0.508" /><testcase classname="tests.test_new_features.TestOwnerKnowledge" name="test_customer_upload_forbidden" time="0.133" /><testcase classname="tests.test_new_features.TestDaily" name="test_daily_returns_date_and_text" time="0.075" /><testcase classname="tests.test_new_features.TestDaily" name="test_daily_stable_same_day" time="0.157" /><testcase classname="tests.test_new_features.TestDaily" name="test_daily_requires_auth" time="0.071" /><testcase classname="tests.test_new_features.TestELI5Consult" name="test_consult_no_general_topic" time="0.077" /><testcase classname="tests.test_new_features.TestELI5Consult" name="test_consult_eli5_short" time="0.073" /><testcase classname="tests.test_new_features.TestSTT" name="test_transcribe_synthetic_clip" time="3.011" /><testcase classname="tests.test_new_features.TestSTT" name="test_transcribe_empty_body" time="0.136" /><testcase classname="tests.test_new_features.TestIllustrate" name="test_illustrate_empty" time="0.078" /><testcase classname="tests.test_new_features.TestPerUserVoice" name="test_patch_voice_and_speed_persist" time="0.145" /><testcase classname="tests.test_new_features.TestPerUserVoice" name="test_speed_clamped" time="0.149" /><testcase classname="tests.test_new_features.TestPerUserVoice" name="test_speak_returns_mp3" time="1.420" /></testsuite></testsuites>